<?xml version="1.0" encoding="UTF-8"?>
<!-- Generated by org.testng.reporters.JUnitXMLReporter -->
<testsuite ignored="7" hostname="BA-000311899" failures="1" tests="31" name="Test" time="13.827" errors="0" timestamp="2023-11-16T16:42:47 IST">
  <testcase classname="TestNG_FrameWork.Dependces" name="test2" time="0.019"/>
  <testcase classname="TestNG_FrameWork.Dependces" name="test3" time="0.005"/>
  <testcase classname="TestNG_FrameWork.Dependces" name="test1" time="0.006"/>
  <testcase classname="TestNG_FrameWork.DataProvider" name="test1" time="0.007"/>
  <testcase classname="TestNG_FrameWork.DataProvider" name="test1" time="0.006"/>
  <testcase classname="TestNG_FrameWork.DataProvider" name="test1" time="0.006"/>
  <testcase classname="TestNG_FrameWork.DataProvider" name="test2" time="0.005"/>
  <testcase classname="TestNG_FrameWork.TimeOut" name="test1" time="5.021"/>
  <testcase classname="TestNG_FrameWork.TimeOut" name="test2" time="0.005"/>
  <testcase classname="TestNG_FrameWork.TimeOut" name="test3" time="0.003"/>
  <testcase classname="TestNG_FrameWork.BeforeMethod_AfterMethod" name="tes1" time="0.004"/>
  <testcase classname="TestNG_FrameWork.BeforeMethod_AfterMethod" name="tes2" time="0.004"/>
  <testcase classname="TestNG_FrameWork.BeforeMethod_AfterMethod" name="tes3" time="0.003"/>
  <testcase classname="TestNG_FrameWork.BeforeMethod_AfterMethod" name="tes4" time="0.004"/>
  <testcase classname="TestNG_FrameWork.Enabled" name="test1" time="0.004"/>
  <testcase classname="TestNG_FrameWork.Enabled" name="test3" time="0.004"/>
  <testcase classname="TestNG_FrameWork.Testng_Annotations_Sequence" name="test" time="0.004"/>
  <testcase classname="TestNG_FrameWork.Test2" name="test6" time="0.003"/>
  <testcase classname="TestNG_FrameWork.Test2" name="test4" time="0.003"/>
  <testcase classname="TestNG_FrameWork.Test2" name="test5" time="0.004"/>
  <testcase classname="TestNG_FrameWork.Test1" name="test1" time="0.0">
    <failure type="org.testng.TestNGException" message="
Parameter &amp;apos;URL&amp;apos; is required by @Test on method test1 but has not been marked @Optional or defined
in C:\Users\puchha.pavan\Automation\Udemy_Practice\Listeners.xml">
      <![CDATA[org.testng.TestNGException: 
Parameter 'URL' is required by @Test on method test1 but has not been marked @Optional or defined
in C:\Users\puchha.pavan\Automation\Udemy_Practice\Listeners.xml
at java.base/java.util.ArrayList.forEach(ArrayList.java:1511)
... Removed 26 stack frames]]>
    </failure>
  </testcase> <!-- test1 -->
  <testcase classname="TestNG_FrameWork.Test1" name="test2" time="0.005"/>
  <testcase classname="TestNG_FrameWork.Test1" name="test3" time="0.004"/>
  <testcase classname="TestNG_FrameWork.BeforeClass_AfterClass" name="tes1" time="0.003"/>
  <testcase classname="TestNG_FrameWork.BeforeClass_AfterClass" name="tes2" time="0.004"/>
  <testcase classname="TestNG_FrameWork.BeforeClass_AfterClass" name="tes3" time="0.005"/>
  <testcase classname="TestNG_FrameWork.BeforeClass_AfterClass" name="tes4" time="0.009"/>
  <testcase classname="TestNG_FrameWork.Groups" name="tes1" time="0.005"/>
  <testcase classname="TestNG_FrameWork.Groups" name="tes2" time="0.004"/>
  <testcase classname="TestNG_FrameWork.Groups" name="tes3" time="0.006"/>
  <testcase classname="TestNG_FrameWork.Groups" name="tes4" time="0.003"/>
  <testcase classname="BaseClass.BaseClass" name="@BeforeTest launchApplication" time="0.0">
    <ignored/>
  </testcase> <!-- @BeforeTest launchApplication -->
  <testcase classname="BaseClass.BaseClass" name="@BeforeTest launchApplication" time="0.0">
    <ignored/>
  </testcase> <!-- @BeforeTest launchApplication -->
  <testcase classname="BaseClass.BaseClass" name="@BeforeTest launchApplication" time="0.0">
    <ignored/>
  </testcase> <!-- @BeforeTest launchApplication -->
  <testcase classname="TestNG_FrameWork.Enabled" name="test2" time="0.0">
    <ignored/>
  </testcase> <!-- test2 -->
  <testcase classname="BaseClass.BaseClass" name="@BeforeTest launchApplication" time="0.0">
    <ignored/>
  </testcase> <!-- @BeforeTest launchApplication -->
  <testcase classname="BaseClass.BaseClass" name="@BeforeTest launchApplication" time="0.0">
    <ignored/>
  </testcase> <!-- @BeforeTest launchApplication -->
  <testcase classname="BaseClass.BaseClass" name="@BeforeTest launchApplication" time="0.0">
    <ignored/>
  </testcase> <!-- @BeforeTest launchApplication -->
</testsuite> <!-- Test -->
